[2026-07-24T04:05:46.329Z][INFO] Command-line: /home/rushi/Unity/Hub/Editor/6000.5.2f1/Editor/Data/Resources/PackageManager/Server/UnityPackageManager server -s 25767 --ipc-path /tmp/Unity-Upm-25767.sock -l 2 --log-file /home/rushi/projects/DiamondBlockBlast/Logs/upm.log
[2026-07-24T04:05:46.349Z][INFO] IPC server started (IPC path=/tmp/Unity-Upm-25767.sock).
[2026-07-24T04:05:46.349Z][INFO] Hint: To connect to this UPM instance, launch Unity with the command-line parameter -upmIpcPath Upm-25767.
[2026-07-24T04:05:47.980Z][INFO] project:list-packages <-- Request received
params: {}
[2026-07-24T04:05:47.995Z][INFO] project:list-packages <-- Request received
params: {}
[2026-07-24T04:05:48.263Z][INFO] project:list-packages --> 200 (284 ms)
[2026-07-24T04:05:53.274Z][INFO] project:list-packages --> 200 (5279 ms)
[2026-07-24T04:05:53.425Z][INFO] project:list-packages <-- Request received
params: {}
[2026-07-24T04:05:53.435Z][INFO] config:project:get-registries <-- Request received
params: {}
[2026-07-24T04:05:53.461Z][INFO] config:project:get-registries --> 200 (26 ms)
[2026-07-24T04:05:53.627Z][INFO] project:list-packages --> 200 (202 ms)
[2026-07-24T04:05:56.406Z][INFO] project:list-packages <-- Request received
params: {}
[2026-07-24T04:05:56.430Z][INFO] project:list-packages <-- Request received
params: {}
[2026-07-24T04:05:56.736Z][INFO] project:list-packages --> 200 (330 ms)
[2026-07-24T04:05:56.780Z][INFO] project:list-packages --> 200 (350 ms)
[2026-07-24T04:05:58.817Z][INFO] project:list-packages <-- Request received
params: {}
[2026-07-24T04:05:59.012Z][INFO] project:list-packages --> 200 (196 ms)
[2026-07-24T04:05:59.285Z][INFO] config:project:get-registries <-- Request received
params: {}
[2026-07-24T04:05:59.289Z][INFO] config:project:get-registries --> 200 (4 ms)
[2026-07-24T04:06:03.833Z][INFO] project:list-packages <-- Request received
params: {}
[2026-07-24T04:06:04.064Z][INFO] project:list-packages --> 200 (231 ms)
[2026-07-24T04:19:19.772Z][INFO] project:list-packages <-- Request received
params: {}
[2026-07-24T04:19:20.017Z][INFO] project:list-packages <-- Request received
params: {}
[2026-07-24T04:19:20.034Z][INFO] project:list-packages --> 200 (262 ms)
[2026-07-24T04:19:20.137Z][INFO] config:project:get-registries <-- Request received
params: {}
[2026-07-24T04:19:20.145Z][INFO] config:project:get-registries --> 200 (8 ms)
[2026-07-24T04:19:20.186Z][INFO] project:list-packages --> 200 (169 ms)
[2026-07-24T04:21:14.846Z][INFO] project:list-packages <-- Request received
params: {}
[2026-07-24T04:21:15.071Z][INFO] project:list-packages --> 200 (225 ms)
[2026-07-24T04:21:15.101Z][INFO] project:list-packages <-- Request received
params: {}
[2026-07-24T04:21:15.250Z][INFO] config:project:get-registries <-- Request received
params: {}
[2026-07-24T04:21:15.259Z][INFO] config:project:get-registries --> 200 (10 ms)
[2026-07-24T04:21:15.327Z][INFO] project:list-packages --> 200 (225 ms)
[2026-07-24T04:31:46.520Z][INFO] project:list-packages <-- Request received
params: {}
[2026-07-24T04:31:46.720Z][INFO] project:list-packages --> 200 (200 ms)
[2026-07-24T04:31:46.786Z][INFO] project:list-packages <-- Request received
params: {}
[2026-07-24T04:31:46.935Z][INFO] project:list-packages --> 200 (149 ms)
[2026-07-24T04:31:46.939Z][INFO] config:project:get-registries <-- Request received
params: {}
[2026-07-24T04:31:46.942Z][INFO] config:project:get-registries --> 200 (4 ms)
[2026-07-24T04:42:59.146Z][INFO] project:list-packages <-- Request received
params: {}
[2026-07-24T04:42:59.360Z][INFO] project:list-packages --> 200 (214 ms)
[2026-07-24T04:42:59.400Z][INFO] project:list-packages <-- Request received
params: {}
[2026-07-24T04:42:59.569Z][INFO] config:project:get-registries <-- Request received
params: {}
[2026-07-24T04:42:59.574Z][INFO] project:list-packages --> 200 (174 ms)
[2026-07-24T04:42:59.575Z][INFO] config:project:get-registries --> 200 (6 ms)
[2026-07-24T04:57:09.279Z][INFO] project:list-packages <-- Request received
params: {}
[2026-07-24T04:57:09.436Z][INFO] project:list-packages --> 200 (157 ms)
[2026-07-24T04:57:09.494Z][INFO] project:list-packages <-- Request received
params: {}
[2026-07-24T04:57:09.617Z][INFO] config:project:get-registries <-- Request received
params: {}
[2026-07-24T04:57:09.622Z][INFO] config:project:get-registries --> 200 (5 ms)
[2026-07-24T04:57:09.662Z][INFO] project:list-packages --> 200 (168 ms)
